
ROM used: 1257 (15%)
          1257 (15%) including unused fragments

          1 Average locations per line
          6 Average locations per statement

RAM used: 223 (61%) at main() level
          230 (62%) worst case

Stack used: 4 worst case (out of 8 total available)

Lines Stmts  %   Files
----- ----- ---  -----
  362   215 100  feria.c
  326     0   0  ..\..\..\..\Program Files (x86)\PICC\devices\16f877A.h
   37     0   0  ..\..\..\..\Program Files (x86)\PICC\drivers\stdio.h
  409     0   0  ..\..\..\..\Program Files (x86)\PICC\drivers\string.h
   28     0   0  ..\..\..\..\Program Files (x86)\PICC\drivers\stddef.h
   28     0   0  ..\..\..\..\Program Files (x86)\PICC\drivers\ctype.h
----- -----
 1190   215 Total

Page ROM  %  RAM   Vol Diff  Functions:
---- --- --- ---   --- ----  ----------
0     20   2   1             @delay_ms1
0    312  25   3  1874  7.3  RB0
0     23   2   3             @DIV88
0     66   5   2             @PRINTF_U_9600_62_63
0      3   0   0             @const183
0     60   5   3             @PSTRINGC7_9600_62_63
0      4   0   0             @const185
0      4   0   0             @const186
0      4   0   0             @const187
0    710  56   3  6525  7.4  MAIN
0      4   0   0             @const191

Program metrics:
    Functions               2
    Statements              215
    Comments                189
    Volume (V)              9273
    Difficilty (D)          14.5
    Effort to implement (E) 134751
    Time to implement (T)   2 hours, 5 minutes
    Est Delivered Bugs (B)  1
    Cyclomatic Complexity   45
    Maintainability (MI)    76

 Segment     Used  Free
-----------  ----  ----
00000-00003     4  0  
00004-0002E    43  0  
0002F-007FF  1210  791  
00800-00FFF     0  2048  
01000-017FF     0  2048  
01800-01FFF     0  2048  



