
ROM used: 69 (1%)
          69 (1%) including unused fragments

          0 Average locations per line
          4 Average locations per statement

RAM used: 7 (2%) at main() level
          8 (2%) worst case

Stack used: 1 worst case (out of 8 total available)

Lines Stmts  %   Files
----- ----- ---  -----
   35    18 100  main1.c
  326     0   0  ..\..\..\..\Program Files (x86)\PICC\devices\16f877A.h
----- -----
  361    18 Total

Page ROM  %  RAM   Vol Diff  Functions:
---- --- --- ---   --- ----  ----------
0     23  33   1             @delay_ms1
0     42  61   2   396  3.8  main

Program metrics:
    Functions               1
    Statements              18
    Comments                75
    Volume (V)              399
    Difficilty (D)          3.7
    Effort to implement (E) 1461
    Time to implement (T)   1 minutes
    Est Delivered Bugs (B)  0
    Cyclomatic Complexity   2
    Maintainability (MI)    130

 Segment     Used  Free
-----------  ----  ----
00000-00003     4  0  
00004-007FF    65  1979  
00800-00FFF     0  2048  
01000-017FF     0  2048  
01800-01FFF     0  2048  



